<?xml version="1.0" encoding="UTF-8"?>
<!-- Generated by org.testng.reporters.JUnitReportReporter -->
<testsuite hostname="DESKTOP-IM6IJUR" failures="0" tests="2" name="com.inetbanking.Testcases.TC_LoginDDT_002" time="33.840" errors="0" timestamp="2020-11-25T20:24:59 IST" skipped="0">
  <testcase classname="com.inetbanking.Testcases.TC_LoginDDT_002" name="loginDDT" time="13.871"/>
  <system-out/>
  <testcase classname="com.inetbanking.Testcases.TC_LoginDDT_002" name="loginDDT" time="19.969"/>
  <system-out/>
</testsuite> <!-- com.inetbanking.Testcases.TC_LoginDDT_002 -->
