<?xml version="1.0" encoding="UTF-8"?>
<!-- Generated by org.testng.reporters.JUnitReportReporter -->
<testsuite hostname="DESKTOP-IM6IJUR" failures="0" tests="1" name="com.inetbanking.Testcases.TC_Login_001" time="5.395" errors="0" timestamp="2020-11-25T20:24:59 IST" skipped="0">
  <testcase classname="com.inetbanking.Testcases.TC_Login_001" name="loginTest" time="5.395"/>
  <system-out/>
</testsuite> <!-- com.inetbanking.Testcases.TC_Login_001 -->
