<?xml version="1.0" encoding="UTF-8"?>
<!-- Generated by org.testng.reporters.JUnitReportReporter -->
<testsuite hostname="DESKTOP-IM6IJUR" failures="0" tests="1" name="com.inetbanking.Testcases.TC_AddNewCustomer_003" time="25.905" errors="0" timestamp="2020-11-25T20:24:59 IST" skipped="0">
  <testcase classname="com.inetbanking.Testcases.TC_AddNewCustomer_003" name="addNewCustomer" time="25.905"/>
  <system-out/>
</testsuite> <!-- com.inetbanking.Testcases.TC_AddNewCustomer_003 -->
