<?xml version="1.0" encoding="UTF-8"?>
<!-- Generated by org.testng.reporters.JUnitReportReporter -->
<testsuite hostname="DESKTOP-IM6IJUR" failures="0" tests="1" name="com.inetbanking.Testcases.TC_AddNewCustomer_003" time="32.308" errors="0" timestamp="2020-11-27T15:17:13 IST" skipped="0">
  <testcase classname="com.inetbanking.Testcases.TC_AddNewCustomer_003" name="addNewCustomer" time="32.308"/>
  <system-out/>
</testsuite> <!-- com.inetbanking.Testcases.TC_AddNewCustomer_003 -->
